<?xml version="1.0" encoding="UTF-8"?>
<!-- Generated by org.testng.reporters.JUnitXMLReporter -->
<testsuite ignored="0" hostname="AOngarbayev-nb" failures="0" tests="5" name="Surefire test" time="0.029" errors="0" timestamp="2022-04-05T11:39:48 ALMT">
  <testcase classname="qaclickacademy.MavenJava.AppiumTest" name="NativeAppAndroid" time="0.003"/>
  <testcase classname="qaclickacademy.MavenJava.AppiumTest" name="NativeAppIos" time="0.0"/>
  <testcase classname="qaclickacademy.MavenJava.RestAPITest" name="deleteTwitter" time="0.0"/>
  <testcase classname="qaclickacademy.MavenJava.RestAPITest" name="postJira" time="0.0"/>
  <testcase classname="qaclickacademy.MavenJava.SeleniumTest" name="browserAutomation" time="0.001"/>
</testsuite> <!-- Surefire test -->
