<?xml version="1.0" encoding="UTF-8"?>
<testng-results ignored="0" total="5" passed="5" failed="0" skipped="0">
  <reporter-output>
  </reporter-output>
  <suite started-at="2022-04-05T11:39:48 ALMT" name="Surefire suite" finished-at="2022-04-05T11:39:48 ALMT" duration-ms="29">
    <groups>
    </groups>
    <test started-at="2022-04-05T11:39:48 ALMT" name="Surefire test" finished-at="2022-04-05T11:39:48 ALMT" duration-ms="29">
      <class name="qaclickacademy.MavenJava.SeleniumTest">
        <test-method signature="browserAutomation()[pri:0, instance:qaclickacademy.MavenJava.SeleniumTest@482cd91f]" started-at="2022-04-05T11:39:48 ALMT" name="browserAutomation" finished-at="2022-04-05T11:39:48 ALMT" duration-ms="1" status="PASS">
          <reporter-output>
          </reporter-output>
        </test-method> <!-- browserAutomation -->
      </class> <!-- qaclickacademy.MavenJava.SeleniumTest -->
      <class name="qaclickacademy.MavenJava.AppiumTest">
        <test-method signature="NativeAppAndroid()[pri:0, instance:qaclickacademy.MavenJava.AppiumTest@534df152]" started-at="2022-04-05T11:39:48 ALMT" name="NativeAppAndroid" finished-at="2022-04-05T11:39:48 ALMT" duration-ms="3" status="PASS">
          <reporter-output>
          </reporter-output>
        </test-method> <!-- NativeAppAndroid -->
        <test-method signature="NativeAppIos()[pri:0, instance:qaclickacademy.MavenJava.AppiumTest@534df152]" started-at="2022-04-05T11:39:48 ALMT" name="NativeAppIos" finished-at="2022-04-05T11:39:48 ALMT" duration-ms="0" status="PASS">
          <reporter-output>
          </reporter-output>
        </test-method> <!-- NativeAppIos -->
      </class> <!-- qaclickacademy.MavenJava.AppiumTest -->
      <class name="qaclickacademy.MavenJava.RestAPITest">
        <test-method signature="deleteTwitter()[pri:0, instance:qaclickacademy.MavenJava.RestAPITest@3ec300f1]" started-at="2022-04-05T11:39:48 ALMT" name="deleteTwitter" finished-at="2022-04-05T11:39:48 ALMT" duration-ms="0" status="PASS">
          <reporter-output>
          </reporter-output>
        </test-method> <!-- deleteTwitter -->
        <test-method signature="postJira()[pri:0, instance:qaclickacademy.MavenJava.RestAPITest@3ec300f1]" started-at="2022-04-05T11:39:48 ALMT" name="postJira" finished-at="2022-04-05T11:39:48 ALMT" duration-ms="0" status="PASS">
          <reporter-output>
          </reporter-output>
        </test-method> <!-- postJira -->
      </class> <!-- qaclickacademy.MavenJava.RestAPITest -->
    </test> <!-- Surefire test -->
  </suite> <!-- Surefire suite -->
</testng-results>
