<?xml version="1.0" encoding="UTF-8"?>
<testng-results ignored="0" total="1" passed="1" failed="0" skipped="0">
  <reporter-output>
  </reporter-output>
  <suite started-at="2022-04-05T10:21:02 ALMT" name="Default suite" finished-at="2022-04-05T10:21:02 ALMT" duration-ms="29">
    <groups>
    </groups>
    <test started-at="2022-04-05T10:21:02 ALMT" name="Default test" finished-at="2022-04-05T10:21:02 ALMT" duration-ms="29">
      <class name="qaclickacademy.MavenJava.SeleniumTest">
        <test-method signature="browserAutomation()[pri:0, instance:qaclickacademy.MavenJava.SeleniumTest@5939a379]" started-at="2022-04-05T10:21:02 ALMT" name="browserAutomation" finished-at="2022-04-05T10:21:02 ALMT" duration-ms="4" status="PASS">
          <reporter-output>
          </reporter-output>
        </test-method> <!-- browserAutomation -->
      </class> <!-- qaclickacademy.MavenJava.SeleniumTest -->
    </test> <!-- Default test -->
  </suite> <!-- Default suite -->
</testng-results>
